 
****************************************
Report : area
Design : BOOTHMUL_N32
Version: S-2021.06-SP4
Date   : Wed Apr 24 12:38:43 2024
****************************************

Library(s) Used:

    NangateOpenCellLibrary (File: /home/mariagrazia.graziano/do/libnangate/NangateOpenCellLibrary_typical_ecsm.db)

Number of ports:                       220314
Number of nets:                        390591
Number of cells:                       187442
Number of combinational cells:         141539
Number of sequential cells:                 0
Number of macros/black boxes:               0
Number of buf/inv:                      32346
Number of references:                     100

Combinational area:             221551.931693
Buf/Inv area:                    21304.471758
Noncombinational area:               0.000000
Macro/Black Box area:                0.000000
Net Interconnect area:      undefined  (Wire load has zero net area)

Total cell area:                221551.931693
Total area:                 undefined
1
