Information: Updating design information... (UID-85)
 
****************************************
Report : timing
        -path full
        -delay max
        -max_paths 1
Design : P4_adder_Nbit_blocks4
Version: S-2021.06-SP4
Date   : Tue Apr 23 16:08:51 2024
****************************************

Operating Conditions: typical   Library: NangateOpenCellLibrary
Wire Load Model Mode: top

  Startpoint: B[0] (input port)
  Endpoint: S[31] (output port)
  Path Group: (none)
  Path Type: max

  Des/Clust/Port     Wire Load Model       Library
  ------------------------------------------------
  P4_adder_Nbit_blocks4
                     5K_hvratio_1_1        NangateOpenCellLibrary

  Point                                                   Incr       Path
  --------------------------------------------------------------------------
  input external delay                                    0.00       0.00 r
  B[0] (in)                                               0.00       0.00 r
  CG/B[0] (carry_generator_N32_carry_range4)              0.00       0.00 r
  CG/PG_NET/B[0] (pg_network_N32)                         0.00       0.00 r
  CG/PG_NET/U32/Z (XOR2_X1)                               0.07       0.07 r
  CG/PG_NET/P[0] (pg_network_N32)                         0.00       0.07 r
  CG/CG/P[0] (carry_generator_sparse_tree_N32_carry_range4)
                                                          0.00       0.07 r
  CG/CG/U2/ZN (AOI21_X1)                                  0.03       0.10 f
  CG/CG/U1/ZN (INV_X1)                                    0.03       0.12 r
  CG/CG/first_G_1_2/G_kmin1_j (g_block_0)                 0.00       0.12 r
  CG/CG/first_G_1_2/U2/ZN (AOI21_X1)                      0.03       0.15 f
  CG/CG/first_G_1_2/U1/ZN (INV_X1)                        0.03       0.18 r
  CG/CG/first_G_1_2/G_i_j (g_block_0)                     0.00       0.18 r
  CG/CG/first_G_2_4/G_kmin1_j (g_block_8)                 0.00       0.18 r
  CG/CG/first_G_2_4/U2/ZN (AOI21_X1)                      0.03       0.20 f
  CG/CG/first_G_2_4/U1/ZN (INV_X1)                        0.07       0.27 r
  CG/CG/first_G_2_4/G_i_j (g_block_8)                     0.00       0.27 r
  CG/CG/G_L2_0_4_8/G_kmin1_j (g_block_7)                  0.00       0.27 r
  CG/CG/G_L2_0_4_8/U2/ZN (AOI21_X1)                       0.04       0.31 f
  CG/CG/G_L2_0_4_8/U1/ZN (INV_X1)                         0.07       0.39 r
  CG/CG/G_L2_0_4_8/G_i_j (g_block_7)                      0.00       0.39 r
  CG/CG/G_L2_1_8_16/G_kmin1_j (g_block_5)                 0.00       0.39 r
  CG/CG/G_L2_1_8_16/U2/ZN (AOI21_X1)                      0.04       0.43 f
  CG/CG/G_L2_1_8_16/U1/ZN (INV_X1)                        0.08       0.51 r
  CG/CG/G_L2_1_8_16/G_i_j (g_block_5)                     0.00       0.51 r
  CG/CG/G_L2_2_16_28/G_kmin1_j (g_block_2)                0.00       0.51 r
  CG/CG/G_L2_2_16_28/U2/ZN (AOI21_X1)                     0.04       0.55 f
  CG/CG/G_L2_2_16_28/U1/ZN (INV_X1)                       0.06       0.62 r
  CG/CG/G_L2_2_16_28/G_i_j (g_block_2)                    0.00       0.62 r
  CG/CG/C[7] (carry_generator_sparse_tree_N32_carry_range4)
                                                          0.00       0.62 r
  CG/C[7] (carry_generator_N32_carry_range4)              0.00       0.62 r
  SG/Carry[6] (sum_generator_N32_Nbit_blocks4)            0.00       0.62 r
  SG/CSB_8/Cin (carry_select_block_N4_1)                  0.00       0.62 r
  SG/CSB_8/MUX/S (muxN1_N4_1)                             0.00       0.62 r
  SG/CSB_8/MUX/mux21_g_3/S (mux21_1)                      0.00       0.62 r
  SG/CSB_8/MUX/mux21_g_3/NOT1/A (iv_1)                    0.00       0.62 r
  SG/CSB_8/MUX/mux21_g_3/NOT1/U1/ZN (INV_X1)              0.03       0.65 f
  SG/CSB_8/MUX/mux21_g_3/NOT1/Y (iv_1)                    0.00       0.65 f
  SG/CSB_8/MUX/mux21_g_3/NAND2/B (nd2_2)                  0.00       0.65 f
  SG/CSB_8/MUX/mux21_g_3/NAND2/U1/ZN (NAND2_X1)           0.03       0.68 r
  SG/CSB_8/MUX/mux21_g_3/NAND2/Y (nd2_2)                  0.00       0.68 r
  SG/CSB_8/MUX/mux21_g_3/NAND3/B (nd2_1)                  0.00       0.68 r
  SG/CSB_8/MUX/mux21_g_3/NAND3/U1/ZN (NAND2_X1)           0.02       0.70 f
  SG/CSB_8/MUX/mux21_g_3/NAND3/Y (nd2_1)                  0.00       0.70 f
  SG/CSB_8/MUX/mux21_g_3/Y (mux21_1)                      0.00       0.70 f
  SG/CSB_8/MUX/Y[3] (muxN1_N4_1)                          0.00       0.70 f
  SG/CSB_8/S[3] (carry_select_block_N4_1)                 0.00       0.70 f
  SG/S[31] (sum_generator_N32_Nbit_blocks4)               0.00       0.70 f
  S[31] (out)                                             0.00       0.70 f
  data arrival time                                                  0.70
  --------------------------------------------------------------------------
  (Path is unconstrained)


1
