 
****************************************
Report : area
Design : P4_adder_Nbit_blocks4
Version: S-2021.06-SP4
Date   : Tue Apr 23 16:09:01 2024
****************************************

Library(s) Used:

    NangateOpenCellLibrary (File: /home/mariagrazia.graziano/do/libnangate/NangateOpenCellLibrary_typical_ecsm.db)

Number of ports:                         1910
Number of nets:                          2431
Number of cells:                          867
Number of combinational cells:            555
Number of sequential cells:                 0
Number of macros/black boxes:               0
Number of buf/inv:                        137
Number of references:                       3

Combinational area:                594.509995
Buf/Inv area:                       74.214001
Noncombinational area:               0.000000
Macro/Black Box area:                0.000000
Net Interconnect area:      undefined  (Wire load has zero net area)

Total cell area:                   594.509995
Total area:                 undefined
1
