 
****************************************
Report : area
Design : P4_adder_Nbit_blocks4
Version: S-2021.06-SP4
Date   : Tue Apr 23 16:08:51 2024
****************************************

Library(s) Used:

    NangateOpenCellLibrary (File: /home/mariagrazia.graziano/do/libnangate/NangateOpenCellLibrary_typical_ecsm.db)

Number of ports:                         1910
Number of nets:                          2425
Number of cells:                          861
Number of combinational cells:            549
Number of sequential cells:                 0
Number of macros/black boxes:               0
Number of buf/inv:                        133
Number of references:                       2

Combinational area:                589.987995
Buf/Inv area:                       70.756001
Noncombinational area:               0.000000
Macro/Black Box area:                0.000000
Net Interconnect area:      undefined  (Wire load has zero net area)

Total cell area:                   589.987995
Total area:                 undefined
1
